#
# There is insufficient memory for the Java Runtime Environment to continue.
# Native memory allocation (mmap) failed to map 67108864 bytes. Error detail: G1 virtual space
# Possible reasons:
#   The system is out of physical RAM or swap space
#   This process is running with CompressedOops enabled, and the Java Heap may be blocking the growth of the native heap
# Possible solutions:
#   Reduce memory load on the system
#   Increase physical memory or swap space
#   Check if swap backing store is full
#   Decrease Java heap size (-Xmx/-Xms)
#   Decrease number of Java threads
#   Decrease Java thread stack sizes (-Xss)
#   Set larger code cache with -XX:ReservedCodeCacheSize=
#   JVM is running with Unscaled Compressed Oops mode in which the Java heap is
#     placed in the first 4GB address space. The Java Heap base address is the
#     maximum limit for the native heap growth. Please use -XX:HeapBaseMinAddress
#     to set the Java Heap base and to place the Java Heap above 4GB virtual address.
# This output file may be truncated or incomplete.
#
#  Out of Memory Error (os_windows.cpp:3825), pid=14236, tid=14712
#
# JRE version: OpenJDK Runtime Environment (17.0.11) (build 17.0.11+0--11852314)
# Java VM: OpenJDK 64-Bit Server VM (17.0.11+0--11852314, mixed mode, tiered, compressed oops, compressed class ptrs, g1 gc, windows-amd64)
# No core dump will be written. Minidumps are not enabled by default on client versions of Windows
#

---------------  S U M M A R Y ------------

Command Line: --add-opens=java.base/java.util=ALL-UNNAMED --add-opens=java.base/java.lang=ALL-UNNAMED --add-opens=java.base/java.lang.invoke=ALL-UNNAMED --add-opens=java.prefs/java.util.prefs=ALL-UNNAMED --add-opens=java.base/java.nio.charset=ALL-UNNAMED --add-opens=java.base/java.net=ALL-UNNAMED --add-opens=java.base/java.util.concurrent.atomic=ALL-UNNAMED -Xmx2048m -Dfile.encoding=UTF-8 -Duser.country=CL -Duser.language=es -Duser.variant -javaagent:C:\Users\tomas\Downloads\OnlineDailyGroceries-master\OnlineDailyGroceries-master\wrapper\dists\gradle-8.4-bin\1w5dpkrfk8irigvoxmyhowfim\gradle-8.4\lib\agents\gradle-instrumentation-agent-8.4.jar org.gradle.launcher.daemon.bootstrap.GradleDaemon 8.4

Host: Intel(R) Core(TM) i5-9300H CPU @ 2.40GHz, 8 cores, 15G,  Windows 11 , 64 bit Build 22621 (10.0.22621.4391)
Time: Tue Nov 26 00:33:11 2024 Hora verano Sudamérica Pacífico elapsed time: 7.226338 seconds (0d 0h 0m 7s)

---------------  T H R E A D  ---------------

Current thread (0x000001f5e8d0e460):  VMThread "VM Thread" [stack: 0x000000a692c00000,0x000000a692d00000] [id=14712]

Stack: [0x000000a692c00000,0x000000a692d00000]
Native frames: (J=compiled Java code, j=interpreted, Vv=VM code, C=native code)
V  [jvm.dll+0x687bb9]
V  [jvm.dll+0x84142a]
V  [jvm.dll+0x8430ae]
V  [jvm.dll+0x843713]
V  [jvm.dll+0x24a35f]
V  [jvm.dll+0x684989]
V  [jvm.dll+0x67923a]
V  [jvm.dll+0x30af0b]
V  [jvm.dll+0x3123b6]
V  [jvm.dll+0x361dfe]
V  [jvm.dll+0x36202f]
V  [jvm.dll+0x2e0d38]
V  [jvm.dll+0x2df144]
V  [jvm.dll+0x2de74c]
V  [jvm.dll+0x32305b]
V  [jvm.dll+0x847e0b]
V  [jvm.dll+0x848b42]
V  [jvm.dll+0x84905d]
V  [jvm.dll+0x849434]
V  [jvm.dll+0x849500]
V  [jvm.dll+0x7efa4a]
V  [jvm.dll+0x686a35]
C  [ucrtbase.dll+0x29333]
C  [KERNEL32.DLL+0x1259d]
C  [ntdll.dll+0x5af38]

VM_Operation (0x000000a6946f4a10): G1CollectForAllocation, mode: safepoint, requested by thread 0x000001f5ef50b5f0


---------------  P R O C E S S  ---------------

Threads class SMR info:
_java_thread_list=0x000001f5f1f6ca80, length=51, elements={
0x000001f5cceed320, 0x000001f5ed047030, 0x000001f5ed048ec0, 0x000001f5ed08f2a0,
0x000001f5ed08fc70, 0x000001f5ed092740, 0x000001f5ed093100, 0x000001f5ed093ea0,
0x000001f5ed0a0260, 0x000001f5ed0a2c70, 0x000001f5e8cdbbb0, 0x000001f5ed43cf60,
0x000001f5efbfd3f0, 0x000001f5eff25440, 0x000001f5ef7de430, 0x000001f5ee937bd0,
0x000001f5efc305d0, 0x000001f5ef50c520, 0x000001f5ef50b5f0, 0x000001f5ef50b0e0,
0x000001f5ef509790, 0x000001f5ef50abd0, 0x000001f5ef509280, 0x000001f5ef50a6c0,
0x000001f5ef508d70, 0x000001f5ef50a1b0, 0x000001f5f1708480, 0x000001f5f1704cd0,
0x000001f5f170a7f0, 0x000001f5f1708ea0, 0x000001f5f1707a60, 0x000001f5f1707550,
0x000001f5f17051e0, 0x000001f5f1709dd0, 0x000001f5f170a2e0, 0x000001f5f170b210,
0x000001f5f1705c00, 0x000001f5f1706110, 0x000001f5f1706620, 0x000001f5f1706b30,
0x000001f5f1707040, 0x000001f5f1703da0, 0x000001f5f170b720, 0x000001f5f17042b0,
0x000001f5f31879a0, 0x000001f5f318b150, 0x000001f5f3187eb0, 0x000001f5f31888d0,
0x000001f5f318a220, 0x000001f5f31883c0, 0x000001f5f3189d10
}

Java Threads: ( => current thread )
  0x000001f5cceed320 JavaThread "main" [_thread_blocked, id=10612, stack(0x000000a692600000,0x000000a692700000)]
  0x000001f5ed047030 JavaThread "Reference Handler" daemon [_thread_blocked, id=21808, stack(0x000000a692d00000,0x000000a692e00000)]
  0x000001f5ed048ec0 JavaThread "Finalizer" daemon [_thread_blocked, id=15504, stack(0x000000a692e00000,0x000000a692f00000)]
  0x000001f5ed08f2a0 JavaThread "Signal Dispatcher" daemon [_thread_blocked, id=5332, stack(0x000000a692f00000,0x000000a693000000)]
  0x000001f5ed08fc70 JavaThread "Attach Listener" daemon [_thread_blocked, id=21896, stack(0x000000a693000000,0x000000a693100000)]
  0x000001f5ed092740 JavaThread "Service Thread" daemon [_thread_blocked, id=20776, stack(0x000000a693100000,0x000000a693200000)]
  0x000001f5ed093100 JavaThread "Monitor Deflation Thread" daemon [_thread_blocked, id=15492, stack(0x000000a693200000,0x000000a693300000)]
  0x000001f5ed093ea0 JavaThread "C2 CompilerThread0" daemon [_thread_in_native, id=14624, stack(0x000000a693300000,0x000000a693400000)]
  0x000001f5ed0a0260 JavaThread "C1 CompilerThread0" daemon [_thread_blocked, id=8820, stack(0x000000a693400000,0x000000a693500000)]
  0x000001f5ed0a2c70 JavaThread "Sweeper thread" daemon [_thread_blocked, id=12216, stack(0x000000a693500000,0x000000a693600000)]
  0x000001f5e8cdbbb0 JavaThread "Common-Cleaner" daemon [_thread_blocked, id=4852, stack(0x000000a693600000,0x000000a693700000)]
  0x000001f5ed43cf60 JavaThread "Notification Thread" daemon [_thread_blocked, id=25104, stack(0x000000a693700000,0x000000a693800000)]
  0x000001f5efbfd3f0 JavaThread "Daemon health stats" [_thread_blocked, id=4904, stack(0x000000a694000000,0x000000a694100000)]
  0x000001f5eff25440 JavaThread "Incoming local TCP Connector on port 55643" [_thread_in_native, id=10060, stack(0x000000a694100000,0x000000a694200000)]
  0x000001f5ef7de430 JavaThread "Daemon periodic checks" [_thread_blocked, id=20688, stack(0x000000a694200000,0x000000a694300000)]
  0x000001f5ee937bd0 JavaThread "Daemon" [_thread_blocked, id=14908, stack(0x000000a694300000,0x000000a694400000)]
  0x000001f5efc305d0 JavaThread "Handler for socket connection from /127.0.0.1:55643 to /127.0.0.1:55644" [_thread_in_native, id=20040, stack(0x000000a694400000,0x000000a694500000)]
  0x000001f5ef50c520 JavaThread "Cancel handler" [_thread_blocked, id=25880, stack(0x000000a694500000,0x000000a694600000)]
  0x000001f5ef50b5f0 JavaThread "Daemon worker" [_thread_blocked, id=23044, stack(0x000000a694600000,0x000000a694700000)]
  0x000001f5ef50b0e0 JavaThread "Asynchronous log dispatcher for DefaultDaemonConnection: socket connection from /127.0.0.1:55643 to /127.0.0.1:55644" [_thread_blocked, id=1612, stack(0x000000a694700000,0x000000a694800000)]
  0x000001f5ef509790 JavaThread "Stdin handler" [_thread_blocked, id=10156, stack(0x000000a694800000,0x000000a694900000)]
  0x000001f5ef50abd0 JavaThread "Daemon client event forwarder" [_thread_blocked, id=11312, stack(0x000000a694900000,0x000000a694a00000)]
  0x000001f5ef509280 JavaThread "Cache worker for journal cache (C:\Users\tomas\Downloads\OnlineDailyGroceries-master\OnlineDailyGroceries-master\caches\journal-1)" [_thread_blocked, id=26356, stack(0x000000a693f00000,0x000000a694000000)]
  0x000001f5ef50a6c0 JavaThread "File lock request listener" [_thread_in_native, id=13704, stack(0x000000a694d00000,0x000000a694e00000)]
  0x000001f5ef508d70 JavaThread "Cache worker for file hash cache (C:\Users\tomas\Downloads\OnlineDailyGroceries-master\OnlineDailyGroceries-master\caches\8.4\fileHashes)" [_thread_blocked, id=24184, stack(0x000000a694e00000,0x000000a694f00000)]
  0x000001f5ef50a1b0 JavaThread "File watcher server" daemon [_thread_blocked, id=18580, stack(0x000000a695000000,0x000000a695100000)]
  0x000001f5f1708480 JavaThread "File watcher consumer" daemon [_thread_blocked, id=23548, stack(0x000000a695100000,0x000000a695200000)]
  0x000001f5f1704cd0 JavaThread "Cache worker for checksums cache (C:\Users\tomas\Downloads\MQTT\MQTT\.gradle\8.4\checksums)" [_thread_blocked, id=18028, stack(0x000000a695200000,0x000000a695300000)]
  0x000001f5f170a7f0 JavaThread "Cache worker for file hash cache (C:\Users\tomas\Downloads\MQTT\MQTT\.gradle\8.4\fileHashes)" [_thread_blocked, id=6148, stack(0x000000a695300000,0x000000a695400000)]
  0x000001f5f1708ea0 JavaThread "Cache worker for cache directory md-supplier (C:\Users\tomas\Downloads\OnlineDailyGroceries-master\OnlineDailyGroceries-master\caches\8.4\md-supplier)" [_thread_blocked, id=15136, stack(0x000000a695400000,0x000000a695500000)]
  0x000001f5f1707a60 JavaThread "Cache worker for file content cache (C:\Users\tomas\Downloads\OnlineDailyGroceries-master\OnlineDailyGroceries-master\caches\8.4\fileContent)" [_thread_blocked, id=5348, stack(0x000000a695500000,0x000000a695600000)]
  0x000001f5f1707550 JavaThread "Cache worker for cache directory md-rule (C:\Users\tomas\Downloads\OnlineDailyGroceries-master\OnlineDailyGroceries-master\caches\8.4\md-rule)" [_thread_blocked, id=23184, stack(0x000000a695600000,0x000000a695700000)]
  0x000001f5f17051e0 JavaThread "Cache worker for execution history cache (C:\Users\tomas\Downloads\OnlineDailyGroceries-master\OnlineDailyGroceries-master\caches\8.4\executionHistory)" [_thread_blocked, id=13940, stack(0x000000a695700000,0x000000a695800000)]
  0x000001f5f1709dd0 JavaThread "jar transforms" [_thread_blocked, id=12868, stack(0x000000a695900000,0x000000a695a00000)]
  0x000001f5f170a2e0 JavaThread "jar transforms Thread 2" [_thread_blocked, id=14296, stack(0x000000a695a00000,0x000000a695b00000)]
  0x000001f5f170b210 JavaThread "Cache worker for dependencies-accessors (C:\Users\tomas\Downloads\MQTT\MQTT\.gradle\8.4\dependencies-accessors)" [_thread_blocked, id=2084, stack(0x000000a695b00000,0x000000a695c00000)]
  0x000001f5f1705c00 JavaThread "jar transforms Thread 3" [_thread_blocked, id=21428, stack(0x000000a693900000,0x000000a693a00000)]
  0x000001f5f1706110 JavaThread "Cache worker for Build Output Cleanup Cache (C:\Users\tomas\Downloads\MQTT\MQTT\.gradle\buildOutputCleanup)" [_thread_blocked, id=15316, stack(0x000000a694f00000,0x000000a695000000)]
  0x000001f5f1706620 JavaThread "Unconstrained build operations" [_thread_blocked, id=12684, stack(0x000000a695c00000,0x000000a695d00000)]
  0x000001f5f1706b30 JavaThread "Unconstrained build operations Thread 2" [_thread_blocked, id=1100, stack(0x000000a695d00000,0x000000a695e00000)]
  0x000001f5f1707040 JavaThread "Unconstrained build operations Thread 3" [_thread_blocked, id=20204, stack(0x000000a695e00000,0x000000a695f00000)]
  0x000001f5f1703da0 JavaThread "Unconstrained build operations Thread 4" [_thread_blocked, id=24820, stack(0x000000a695f00000,0x000000a696000000)]
  0x000001f5f170b720 JavaThread "Unconstrained build operations Thread 5" [_thread_blocked, id=25500, stack(0x000000a696000000,0x000000a696100000)]
  0x000001f5f17042b0 JavaThread "Unconstrained build operations Thread 6" [_thread_blocked, id=19164, stack(0x000000a696100000,0x000000a696200000)]
  0x000001f5f31879a0 JavaThread "Unconstrained build operations Thread 7" [_thread_blocked, id=23100, stack(0x000000a696200000,0x000000a696300000)]
  0x000001f5f318b150 JavaThread "jar transforms Thread 4" [_thread_blocked, id=18388, stack(0x000000a696300000,0x000000a696400000)]
  0x000001f5f3187eb0 JavaThread "jar transforms Thread 5" [_thread_blocked, id=18852, stack(0x000000a696400000,0x000000a696500000)]
  0x000001f5f31888d0 JavaThread "jar transforms Thread 6" [_thread_blocked, id=17680, stack(0x000000a696500000,0x000000a696600000)]
  0x000001f5f318a220 JavaThread "jar transforms Thread 7" [_thread_blocked, id=19768, stack(0x000000a696600000,0x000000a696700000)]
  0x000001f5f31883c0 JavaThread "jar transforms Thread 8" [_thread_blocked, id=13180, stack(0x000000a696700000,0x000000a696800000)]
  0x000001f5f3189d10 JavaThread "build event listener" [_thread_blocked, id=6252, stack(0x000000a696800000,0x000000a696900000)]

Other Threads:
=>0x000001f5e8d0e460 VMThread "VM Thread" [stack: 0x000000a692c00000,0x000000a692d00000] [id=14712]
  0x000001f5ed348340 WatcherThread [stack: 0x000000a693800000,0x000000a693900000] [id=22572]
  0x000001f5ccf48440 GCTaskThread "GC Thread#0" [stack: 0x000000a692700000,0x000000a692800000] [id=23776]
  0x000001f5edfc0bb0 GCTaskThread "GC Thread#1" [stack: 0x000000a693a00000,0x000000a693b00000] [id=8364]
  0x000001f5edc17d90 GCTaskThread "GC Thread#2" [stack: 0x000000a693b00000,0x000000a693c00000] [id=23360]
  0x000001f5ee268df0 GCTaskThread "GC Thread#3" [stack: 0x000000a693c00000,0x000000a693d00000] [id=25444]
  0x000001f5edceaf10 GCTaskThread "GC Thread#4" [stack: 0x000000a693d00000,0x000000a693e00000] [id=9788]
  0x000001f5ed894950 GCTaskThread "GC Thread#5" [stack: 0x000000a693e00000,0x000000a693f00000] [id=14244]
  0x000001f5ef475cb0 GCTaskThread "GC Thread#6" [stack: 0x000000a694a00000,0x000000a694b00000] [id=2544]
  0x000001f5ee4a3200 GCTaskThread "GC Thread#7" [stack: 0x000000a694b00000,0x000000a694c00000] [id=20000]
  0x000001f5ccf59390 ConcurrentGCThread "G1 Main Marker" [stack: 0x000000a692800000,0x000000a692900000] [id=22676]
  0x000001f5ccf5a550 ConcurrentGCThread "G1 Conc#0" [stack: 0x000000a692900000,0x000000a692a00000] [id=13064]
  0x000001f5eefd8970 ConcurrentGCThread "G1 Conc#1" [stack: 0x000000a694c00000,0x000000a694d00000] [id=26120]
  0x000001f5ccf9e2e0 ConcurrentGCThread "G1 Refine#0" [stack: 0x000000a692a00000,0x000000a692b00000] [id=3944]
  0x000001f5efb0c3a0 ConcurrentGCThread "G1 Refine#1" [stack: 0x000000a695800000,0x000000a695900000] [id=18736]
  0x000001f5e8ba85b0 ConcurrentGCThread "G1 Service" [stack: 0x000000a692b00000,0x000000a692c00000] [id=9812]

Threads with active compile tasks:
C2 CompilerThread0     7241 6273       4       sun.util.locale.BaseLocale::getInstance (149 bytes)

VM state: at safepoint (normal execution)

VM Mutex/Monitor currently owned by a thread:  ([mutex/lock_event])
[0x000001f5ccee8f10] Threads_lock - owner thread: 0x000001f5e8d0e460
[0x000001f5ccee90c0] Heap_lock - owner thread: 0x000001f5ef50b5f0

Heap address: 0x0000000080000000, size: 2048 MB, Compressed Oops mode: 32-bit

CDS archive(s) not mapped
Compressed class space mapped at: 0x0000000100000000-0x0000000140000000, reserved size: 1073741824
Narrow klass base: 0x0000000000000000, Narrow klass shift: 3, Narrow klass range: 0x140000000

GC Precious Log:
 CPUs: 8 total, 8 available
 Memory: 16225M
 Large Page Support: Disabled
 NUMA Support: Disabled
 Compressed Oops: Enabled (32-bit)
 Heap Region Size: 1M
 Heap Min Capacity: 8M
 Heap Initial Capacity: 254M
 Heap Max Capacity: 2G
 Pre-touch: Disabled
 Parallel Workers: 8
 Concurrent Workers: 2
 Concurrent Refinement Workers: 8
 Periodic GC: Disabled

Heap:
 garbage-first heap   total 94208K, used 52283K [0x0000000080000000, 0x0000000100000000)
  region size 1024K, 2 young (2048K), 2 survivors (2048K)
 Metaspace       used 61036K, committed 61568K, reserved 1114112K
  class space    used 8252K, committed 8512K, reserved 1048576K

Heap Regions: E=young(eden), S=young(survivor), O=old, HS=humongous(starts), HC=humongous(continues), CS=collection set, F=free, OA=open archive, CA=closed archive, TAMS=top-at-mark-start (previous, next)
|   0|0x0000000080000000, 0x0000000080100000, 0x0000000080100000|100%|HS|  |TAMS 0x0000000080100000, 0x0000000080100000| Complete 
|   1|0x0000000080100000, 0x0000000080200000, 0x0000000080200000|100%|HC|  |TAMS 0x0000000080200000, 0x0000000080200000| Complete 
|   2|0x0000000080200000, 0x0000000080300000, 0x0000000080300000|100%|HC|  |TAMS 0x0000000080300000, 0x0000000080300000| Complete 
|   3|0x0000000080300000, 0x0000000080400000, 0x0000000080400000|100%|HC|  |TAMS 0x0000000080400000, 0x0000000080400000| Complete 
|   4|0x0000000080400000, 0x0000000080500000, 0x0000000080500000|100%| O|  |TAMS 0x0000000080500000, 0x0000000080500000| Untracked 
|   5|0x0000000080500000, 0x0000000080600000, 0x0000000080600000|100%| O|  |TAMS 0x0000000080600000, 0x0000000080600000| Untracked 
|   6|0x0000000080600000, 0x0000000080700000, 0x0000000080700000|100%| O|  |TAMS 0x0000000080700000, 0x0000000080700000| Untracked 
|   7|0x0000000080700000, 0x0000000080800000, 0x0000000080800000|100%| O|  |TAMS 0x0000000080800000, 0x0000000080800000| Untracked 
|   8|0x0000000080800000, 0x0000000080900000, 0x0000000080900000|100%| O|  |TAMS 0x0000000080900000, 0x0000000080900000| Untracked 
|   9|0x0000000080900000, 0x0000000080a00000, 0x0000000080a00000|100%| O|  |TAMS 0x0000000080a00000, 0x0000000080a00000| Untracked 
|  10|0x0000000080a00000, 0x0000000080a00000, 0x0000000080b00000|  0%| F|  |TAMS 0x0000000080a00000, 0x0000000080a00000| Untracked 
|  11|0x0000000080b00000, 0x0000000080c00000, 0x0000000080c00000|100%| O|  |TAMS 0x0000000080c00000, 0x0000000080c00000| Untracked 
|  12|0x0000000080c00000, 0x0000000080d00000, 0x0000000080d00000|100%| O|  |TAMS 0x0000000080d00000, 0x0000000080d00000| Untracked 
|  13|0x0000000080d00000, 0x0000000080e00000, 0x0000000080e00000|100%| O|  |TAMS 0x0000000080e00000, 0x0000000080e00000| Untracked 
|  14|0x0000000080e00000, 0x0000000080f00000, 0x0000000080f00000|100%| O|  |TAMS 0x0000000080f00000, 0x0000000080f00000| Untracked 
|  15|0x0000000080f00000, 0x0000000081000000, 0x0000000081000000|100%| O|  |TAMS 0x0000000081000000, 0x0000000081000000| Untracked 
|  16|0x0000000081000000, 0x0000000081100000, 0x0000000081100000|100%| O|  |TAMS 0x0000000081100000, 0x0000000081100000| Untracked 
|  17|0x0000000081100000, 0x0000000081200000, 0x0000000081200000|100%| O|  |TAMS 0x0000000081200000, 0x0000000081200000| Untracked 
|  18|0x0000000081200000, 0x0000000081300000, 0x0000000081300000|100%| O|  |TAMS 0x0000000081300000, 0x0000000081300000| Untracked 
|  19|0x0000000081300000, 0x0000000081400000, 0x0000000081400000|100%| O|  |TAMS 0x0000000081400000, 0x0000000081400000| Untracked 
|  20|0x0000000081400000, 0x0000000081500000, 0x0000000081500000|100%| O|  |TAMS 0x0000000081500000, 0x0000000081500000| Untracked 
|  21|0x0000000081500000, 0x0000000081600000, 0x0000000081600000|100%| O|  |TAMS 0x0000000081600000, 0x0000000081600000| Untracked 
|  22|0x0000000081600000, 0x0000000081700000, 0x0000000081700000|100%| O|  |TAMS 0x0000000081700000, 0x0000000081700000| Untracked 
|  23|0x0000000081700000, 0x0000000081800000, 0x0000000081800000|100%| O|  |TAMS 0x0000000081800000, 0x0000000081800000| Untracked 
|  24|0x0000000081800000, 0x0000000081900000, 0x0000000081900000|100%| O|  |TAMS 0x0000000081900000, 0x0000000081900000| Untracked 
|  25|0x0000000081900000, 0x0000000081a00000, 0x0000000081a00000|100%| O|  |TAMS 0x0000000081a00000, 0x0000000081a00000| Untracked 
|  26|0x0000000081a00000, 0x0000000081b00000, 0x0000000081b00000|100%| O|  |TAMS 0x0000000081b00000, 0x0000000081b00000| Untracked 
|  27|0x0000000081b00000, 0x0000000081c00000, 0x0000000081c00000|100%| O|  |TAMS 0x0000000081c00000, 0x0000000081c00000| Untracked 
|  28|0x0000000081c00000, 0x0000000081d00000, 0x0000000081d00000|100%| O|  |TAMS 0x0000000081d00000, 0x0000000081d00000| Untracked 
|  29|0x0000000081d00000, 0x0000000081e00000, 0x0000000081e00000|100%| O|  |TAMS 0x0000000081e00000, 0x0000000081e00000| Untracked 
|  30|0x0000000081e00000, 0x0000000081f00000, 0x0000000081f00000|100%| O|  |TAMS 0x0000000081f00000, 0x0000000081f00000| Untracked 
|  31|0x0000000081f00000, 0x0000000082000000, 0x0000000082000000|100%| O|  |TAMS 0x0000000082000000, 0x0000000082000000| Untracked 
|  32|0x0000000082000000, 0x0000000082100000, 0x0000000082100000|100%| O|  |TAMS 0x0000000082100000, 0x0000000082100000| Untracked 
|  33|0x0000000082100000, 0x0000000082200000, 0x0000000082200000|100%| O|  |TAMS 0x0000000082200000, 0x0000000082200000| Untracked 
|  34|0x0000000082200000, 0x0000000082300000, 0x0000000082300000|100%|HS|  |TAMS 0x0000000082300000, 0x0000000082300000| Complete 
|  35|0x0000000082300000, 0x0000000082400000, 0x0000000082400000|100%|HS|  |TAMS 0x0000000082400000, 0x0000000082400000| Complete 
|  36|0x0000000082400000, 0x0000000082500000, 0x0000000082500000|100%|HS|  |TAMS 0x0000000082500000, 0x0000000082500000| Complete 
|  37|0x0000000082500000, 0x0000000082600000, 0x0000000082600000|100%| O|  |TAMS 0x0000000082600000, 0x0000000082600000| Untracked 
|  38|0x0000000082600000, 0x0000000082700000, 0x0000000082700000|100%| O|  |TAMS 0x0000000082700000, 0x0000000082700000| Untracked 
|  39|0x0000000082700000, 0x0000000082800000, 0x0000000082800000|100%| O|  |TAMS 0x0000000082800000, 0x0000000082800000| Untracked 
|  40|0x0000000082800000, 0x0000000082900000, 0x0000000082900000|100%| O|  |TAMS 0x0000000082900000, 0x0000000082900000| Untracked 
|  41|0x0000000082900000, 0x0000000082a00000, 0x0000000082a00000|100%| O|  |TAMS 0x0000000082a00000, 0x0000000082a00000| Untracked 
|  42|0x0000000082a00000, 0x0000000082b00000, 0x0000000082b00000|100%| O|  |TAMS 0x0000000082b00000, 0x0000000082b00000| Untracked 
|  43|0x0000000082b00000, 0x0000000082c00000, 0x0000000082c00000|100%| O|  |TAMS 0x0000000082c00000, 0x0000000082c00000| Untracked 
|  44|0x0000000082c00000, 0x0000000082d00000, 0x0000000082d00000|100%| O|  |TAMS 0x0000000082d00000, 0x0000000082d00000| Untracked 
|  45|0x0000000082d00000, 0x0000000082e00000, 0x0000000082e00000|100%|HS|  |TAMS 0x0000000082e00000, 0x0000000082e00000| Complete 
|  46|0x0000000082e00000, 0x0000000082f00000, 0x0000000082f00000|100%| O|  |TAMS 0x0000000082e00000, 0x0000000082f00000| Untracked 
|  47|0x0000000082f00000, 0x0000000083000000, 0x0000000083000000|100%| O|  |TAMS 0x0000000083000000, 0x0000000083000000| Untracked 
|  48|0x0000000083000000, 0x0000000083100000, 0x0000000083100000|100%| O|  |TAMS 0x00000000830bc200, 0x0000000083100000| Untracked 
|  49|0x0000000083100000, 0x0000000083200000, 0x0000000083200000|100%|HS|  |TAMS 0x0000000083100000, 0x0000000083200000| Complete 
|  50|0x0000000083200000, 0x00000000832bee00, 0x0000000083300000| 74%| O|  |TAMS 0x0000000083200000, 0x00000000832bee00| Untracked 
|  51|0x0000000083300000, 0x0000000083300000, 0x0000000083400000|  0%| F|  |TAMS 0x0000000083300000, 0x0000000083300000| Untracked 
|  52|0x0000000083400000, 0x0000000083400000, 0x0000000083500000|  0%| F|  |TAMS 0x0000000083400000, 0x0000000083400000| Untracked 
|  53|0x0000000083500000, 0x0000000083500000, 0x0000000083600000|  0%| F|  |TAMS 0x0000000083500000, 0x0000000083500000| Untracked 
|  54|0x0000000083600000, 0x0000000083600000, 0x0000000083700000|  0%| F|  |TAMS 0x0000000083600000, 0x0000000083600000| Untracked 
|  55|0x0000000083700000, 0x0000000083700000, 0x0000000083800000|  0%| F|  |TAMS 0x0000000083700000, 0x0000000083700000| Untracked 
|  56|0x0000000083800000, 0x0000000083800000, 0x0000000083900000|  0%| F|  |TAMS 0x0000000083800000, 0x0000000083800000| Untracked 
|  57|0x0000000083900000, 0x0000000083900000, 0x0000000083a00000|  0%| F|  |TAMS 0x0000000083900000, 0x0000000083900000| Untracked 
|  58|0x0000000083a00000, 0x0000000083a00000, 0x0000000083b00000|  0%| F|  |TAMS 0x0000000083a00000, 0x0000000083a00000| Untracked 
|  59|0x0000000083b00000, 0x0000000083b00000, 0x0000000083c00000|  0%| F|  |TAMS 0x0000000083b00000, 0x0000000083b00000| Untracked 
|  60|0x0000000083c00000, 0x0000000083c00000, 0x0000000083d00000|  0%| F|  |TAMS 0x0000000083c00000, 0x0000000083c00000| Untracked 
|  61|0x0000000083d00000, 0x0000000083d00000, 0x0000000083e00000|  0%| F|  |TAMS 0x0000000083d00000, 0x0000000083d00000| Untracked 
|  62|0x0000000083e00000, 0x0000000083e00000, 0x0000000083f00000|  0%| F|  |TAMS 0x0000000083e00000, 0x0000000083e00000| Untracked 
|  63|0x0000000083f00000, 0x0000000083f00000, 0x0000000084000000|  0%| F|  |TAMS 0x0000000083f00000, 0x0000000083f00000| Untracked 
|  64|0x0000000084000000, 0x0000000084000000, 0x0000000084100000|  0%| F|  |TAMS 0x0000000084000000, 0x0000000084000000| Untracked 
|  65|0x0000000084100000, 0x0000000084100000, 0x0000000084200000|  0%| F|  |TAMS 0x0000000084100000, 0x0000000084100000| Untracked 
|  66|0x0000000084200000, 0x0000000084200000, 0x0000000084300000|  0%| F|  |TAMS 0x0000000084200000, 0x0000000084200000| Untracked 
|  67|0x0000000084300000, 0x0000000084300000, 0x0000000084400000|  0%| F|  |TAMS 0x0000000084300000, 0x0000000084300000| Untracked 
|  68|0x0000000084400000, 0x000000008444ffc8, 0x0000000084500000| 31%| S|CS|TAMS 0x0000000084400000, 0x0000000084400000| Complete 
|  69|0x0000000084500000, 0x0000000084600000, 0x0000000084600000|100%| S|CS|TAMS 0x0000000084500000, 0x0000000084500000| Complete 
|  70|0x0000000084600000, 0x0000000084600000, 0x0000000084700000|  0%| F|  |TAMS 0x0000000084600000, 0x0000000084600000| Untracked 
|  71|0x0000000084700000, 0x0000000084700000, 0x0000000084800000|  0%| F|  |TAMS 0x0000000084700000, 0x0000000084700000| Untracked 
|  72|0x0000000084800000, 0x0000000084800000, 0x0000000084900000|  0%| F|  |TAMS 0x0000000084800000, 0x0000000084800000| Untracked 
|  73|0x0000000084900000, 0x0000000084900000, 0x0000000084a00000|  0%| F|  |TAMS 0x0000000084900000, 0x0000000084900000| Untracked 
|  74|0x0000000084a00000, 0x0000000084a00000, 0x0000000084b00000|  0%| F|  |TAMS 0x0000000084a00000, 0x0000000084a00000| Untracked 
|  75|0x0000000084b00000, 0x0000000084b00000, 0x0000000084c00000|  0%| F|  |TAMS 0x0000000084b00000, 0x0000000084b00000| Untracked 
|  76|0x0000000084c00000, 0x0000000084c00000, 0x0000000084d00000|  0%| F|  |TAMS 0x0000000084c00000, 0x0000000084c00000| Untracked 
|  77|0x0000000084d00000, 0x0000000084d00000, 0x0000000084e00000|  0%| F|  |TAMS 0x0000000084d00000, 0x0000000084d00000| Untracked 
|  78|0x0000000084e00000, 0x0000000084e00000, 0x0000000084f00000|  0%| F|  |TAMS 0x0000000084e00000, 0x0000000084e00000| Untracked 
|  79|0x0000000084f00000, 0x0000000084f00000, 0x0000000085000000|  0%| F|  |TAMS 0x0000000084f00000, 0x0000000084f00000| Untracked 
|  80|0x0000000085000000, 0x0000000085000000, 0x0000000085100000|  0%| F|  |TAMS 0x0000000085000000, 0x0000000085000000| Untracked 
|  81|0x0000000085100000, 0x0000000085100000, 0x0000000085200000|  0%| F|  |TAMS 0x0000000085100000, 0x0000000085100000| Untracked 
| 191|0x000000008bf00000, 0x000000008bf00000, 0x000000008c000000|  0%| F|  |TAMS 0x000000008bf00000, 0x000000008bf00000| Untracked 
| 192|0x000000008c000000, 0x000000008c000000, 0x000000008c100000|  0%| F|  |TAMS 0x000000008c000000, 0x000000008c000000| Untracked 
| 193|0x000000008c100000, 0x000000008c100000, 0x000000008c200000|  0%| F|  |TAMS 0x000000008c100000, 0x000000008c100000| Untracked 
| 194|0x000000008c200000, 0x000000008c200000, 0x000000008c300000|  0%| F|  |TAMS 0x000000008c200000, 0x000000008c200000| Untracked 
| 195|0x000000008c300000, 0x000000008c300000, 0x000000008c400000|  0%| F|  |TAMS 0x000000008c300000, 0x000000008c300000| Untracked 
| 196|0x000000008c400000, 0x000000008c400000, 0x000000008c500000|  0%| F|  |TAMS 0x000000008c400000, 0x000000008c400000| Untracked 
| 197|0x000000008c500000, 0x000000008c500000, 0x000000008c600000|  0%| F|  |TAMS 0x000000008c500000, 0x000000008c500000| Untracked 
| 198|0x000000008c600000, 0x000000008c600000, 0x000000008c700000|  0%| F|  |TAMS 0x000000008c600000, 0x000000008c600000| Untracked 
| 199|0x000000008c700000, 0x000000008c700000, 0x000000008c800000|  0%| F|  |TAMS 0x000000008c700000, 0x000000008c700000| Untracked 
| 253|0x000000008fd00000, 0x000000008fd00000, 0x000000008fe00000|  0%| F|  |TAMS 0x000000008fd00000, 0x000000008fd00000| Untracked 

Card table byte_map: [0x000001f5e1a00000,0x000001f5e1e00000] _byte_map_base: 0x000001f5e1600000

Marking Bits (Prev, Next): (CMBitMap*) 0x000001f5ccf48aa0, (CMBitMap*) 0x000001f5ccf48a60
 Prev Bits: [0x000001f5e4200000, 0x000001f5e6200000)
 Next Bits: [0x000001f5e2200000, 0x000001f5e4200000)

Polling page: 0x000001f5d1b70000

Metaspace:

Usage:
  Non-class:     51.55 MB used.
      Class:      8.06 MB used.
       Both:     59.61 MB used.

Virtual space:
  Non-class space:       64.00 MB reserved,      51.81 MB ( 81%) committed,  1 nodes.
      Class space:        1.00 GB reserved,       8.31 MB ( <1%) committed,  1 nodes.
             Both:        1.06 GB reserved,      60.12 MB (  6%) committed. 

Chunk freelists:
   Non-Class:  11.50 MB
       Class:  7.57 MB
        Both:  19.07 MB

MaxMetaspaceSize: unlimited
CompressedClassSpaceSize: 1.00 GB
Initial GC threshold: 21.00 MB
Current GC threshold: 95.12 MB
CDS: off
MetaspaceReclaimPolicy: balanced
 - commit_granule_bytes: 65536.
 - commit_granule_words: 8192.
 - virtual_space_node_default_size: 8388608.
 - enlarge_chunks_in_place: 1.
 - new_chunks_are_fully_committed: 0.
 - uncommit_free_chunks: 1.
 - use_allocation_guard: 0.
 - handle_deallocations: 1.


Internal statistics:

num_allocs_failed_limit: 6.
num_arena_births: 620.
num_arena_deaths: 0.
num_vsnodes_births: 2.
num_vsnodes_deaths: 0.
num_space_committed: 962.
num_space_uncommitted: 0.
num_chunks_returned_to_freelist: 6.
num_chunks_taken_from_freelist: 2668.
num_chunk_merges: 3.
num_chunk_splits: 1763.
num_chunks_enlarged: 1215.
num_inconsistent_stats: 0.

CodeHeap 'non-profiled nmethods': size=120000Kb used=2536Kb max_used=3239Kb free=117463Kb
 bounds [0x000001f5d9660000, 0x000001f5d99a0000, 0x000001f5e0b90000]
CodeHeap 'profiled nmethods': size=120000Kb used=10110Kb max_used=10673Kb free=109889Kb
 bounds [0x000001f5d1b90000, 0x000001f5d2600000, 0x000001f5d90c0000]
CodeHeap 'non-nmethods': size=5760Kb used=2327Kb max_used=2385Kb free=3432Kb
 bounds [0x000001f5d90c0000, 0x000001f5d9330000, 0x000001f5d9660000]
 total_blobs=6422 nmethods=5575 adapters=759
 compilation: enabled
              stopped_count=0, restarted_count=0
 full_count=0

Compilation events (20 events):
Event: 7.210 Thread 0x000001f5ed0a0260 6292       3       java.lang.ThreadLocal::remove (18 bytes)
Event: 7.210 Thread 0x000001f5ed0a0260 nmethod 6292 0x000001f5d1f7c810 code [0x000001f5d1f7c9c0, 0x000001f5d1f7cc48]
Event: 7.211 Thread 0x000001f5ed0a0260 6293       3       java.lang.ThreadLocal$ThreadLocalMap::remove (68 bytes)
Event: 7.211 Thread 0x000001f5ed0a0260 nmethod 6293 0x000001f5d1fb6410 code [0x000001f5d1fb6600, 0x000001f5d1fb6bc8]
Event: 7.218 Thread 0x000001f5ed0a0260 6295       3       jdk.internal.reflect.ByteVectorImpl::resize (44 bytes)
Event: 7.218 Thread 0x000001f5ed0a0260 nmethod 6295 0x000001f5d1fb5e90 code [0x000001f5d1fb6040, 0x000001f5d1fb6328]
Event: 7.218 Thread 0x000001f5ed0a0260 6298       3       jdk.internal.reflect.ClassFileAssembler::emitInt (46 bytes)
Event: 7.218 Thread 0x000001f5ed0a0260 nmethod 6298 0x000001f5d1ba6710 code [0x000001f5d1ba6920, 0x000001f5d1ba6e18]
Event: 7.218 Thread 0x000001f5ed0a0260 6297       3       jdk.internal.reflect.ClassFileAssembler::opc_new (16 bytes)
Event: 7.218 Thread 0x000001f5ed0a0260 nmethod 6297 0x000001f5d1ba5d10 code [0x000001f5d1ba5f20, 0x000001f5d1ba6468]
Event: 7.218 Thread 0x000001f5ed0a0260 6296       1       jdk.internal.reflect.ClassFileAssembler::setMaxLocals (6 bytes)
Event: 7.218 Thread 0x000001f5ed0a0260 nmethod 6296 0x000001f5d976bc90 code [0x000001f5d976be20, 0x000001f5d976bef8]
Event: 7.218 Thread 0x000001f5ed0a0260 6300       3       jdk.internal.reflect.ByteVectorImpl::put (27 bytes)
Event: 7.218 Thread 0x000001f5ed0a0260 nmethod 6300 0x000001f5d1ba5810 code [0x000001f5d1ba59c0, 0x000001f5d1ba5ba8]
Event: 7.220 Thread 0x000001f5ed0a0260 6301       1       org.gradle.api.internal.provider.AbstractProperty$NonFinalizedValue::setConvention (6 bytes)
Event: 7.220 Thread 0x000001f5ed0a0260 nmethod 6301 0x000001f5d96a4a10 code [0x000001f5d96a4ba0, 0x000001f5d96a4cb8]
Event: 7.220 Thread 0x000001f5ed0a0260 6302       3       java.util.TreeMap::addEntryToEmptyMap (37 bytes)
Event: 7.220 Thread 0x000001f5ed0a0260 nmethod 6302 0x000001f5d1c61210 code [0x000001f5d1c61400, 0x000001f5d1c61ab8]
Event: 7.221 Thread 0x000001f5ed0a0260 6304       3       java.lang.invoke.MethodHandles$Lookup::lookupModes (8 bytes)
Event: 7.221 Thread 0x000001f5ed0a0260 nmethod 6304 0x000001f5d1c81910 code [0x000001f5d1c81aa0, 0x000001f5d1c81bb8]

GC Heap History (20 events):
Event: 4.558 GC heap after
{Heap after GC invocations=12 (full 0):
 garbage-first heap   total 71680K, used 33251K [0x0000000080000000, 0x0000000100000000)
  region size 1024K, 3 young (3072K), 3 survivors (3072K)
 Metaspace       used 45670K, committed 46080K, reserved 1114112K
  class space    used 6034K, committed 6208K, reserved 1048576K
}
Event: 4.933 GC heap before
{Heap before GC invocations=12 (full 0):
 garbage-first heap   total 71680K, used 55779K [0x0000000080000000, 0x0000000100000000)
  region size 1024K, 25 young (25600K), 3 survivors (3072K)
 Metaspace       used 48727K, committed 49088K, reserved 1114112K
  class space    used 6510K, committed 6656K, reserved 1048576K
}
Event: 4.940 GC heap after
{Heap after GC invocations=13 (full 0):
 garbage-first heap   total 71680K, used 34094K [0x0000000080000000, 0x0000000100000000)
  region size 1024K, 1 young (1024K), 1 survivors (1024K)
 Metaspace       used 48727K, committed 49088K, reserved 1114112K
  class space    used 6510K, committed 6656K, reserved 1048576K
}
Event: 5.394 GC heap before
{Heap before GC invocations=13 (full 0):
 garbage-first heap   total 71680K, used 56622K [0x0000000080000000, 0x0000000100000000)
  region size 1024K, 23 young (23552K), 1 survivors (1024K)
 Metaspace       used 51564K, committed 51968K, reserved 1114112K
  class space    used 7014K, committed 7232K, reserved 1048576K
}
Event: 5.397 GC heap after
{Heap after GC invocations=14 (full 0):
 garbage-first heap   total 86016K, used 35166K [0x0000000080000000, 0x0000000100000000)
  region size 1024K, 2 young (2048K), 2 survivors (2048K)
 Metaspace       used 51564K, committed 51968K, reserved 1114112K
  class space    used 7014K, committed 7232K, reserved 1048576K
}
Event: 5.929 GC heap before
{Heap before GC invocations=15 (full 0):
 garbage-first heap   total 86016K, used 68958K [0x0000000080000000, 0x0000000100000000)
  region size 1024K, 34 young (34816K), 2 survivors (2048K)
 Metaspace       used 55524K, committed 56064K, reserved 1114112K
  class space    used 7553K, committed 7808K, reserved 1048576K
}
Event: 5.932 GC heap after
{Heap after GC invocations=16 (full 0):
 garbage-first heap   total 86016K, used 37268K [0x0000000080000000, 0x0000000100000000)
  region size 1024K, 5 young (5120K), 5 survivors (5120K)
 Metaspace       used 55524K, committed 56064K, reserved 1114112K
  class space    used 7553K, committed 7808K, reserved 1048576K
}
Event: 6.498 GC heap before
{Heap before GC invocations=16 (full 0):
 garbage-first heap   total 86016K, used 70036K [0x0000000080000000, 0x0000000100000000)
  region size 1024K, 34 young (34816K), 5 survivors (5120K)
 Metaspace       used 56556K, committed 57088K, reserved 1114112K
  class space    used 7634K, committed 7872K, reserved 1048576K
}
Event: 6.503 GC heap after
{Heap after GC invocations=17 (full 0):
 garbage-first heap   total 86016K, used 46574K [0x0000000080000000, 0x0000000100000000)
  region size 1024K, 5 young (5120K), 5 survivors (5120K)
 Metaspace       used 56556K, committed 57088K, reserved 1114112K
  class space    used 7634K, committed 7872K, reserved 1048576K
}
Event: 6.541 GC heap before
{Heap before GC invocations=17 (full 0):
 garbage-first heap   total 86016K, used 47598K [0x0000000080000000, 0x0000000100000000)
  region size 1024K, 7 young (7168K), 5 survivors (5120K)
 Metaspace       used 56578K, committed 57088K, reserved 1114112K
  class space    used 7635K, committed 7872K, reserved 1048576K
}
Event: 6.544 GC heap after
{Heap after GC invocations=18 (full 0):
 garbage-first heap   total 86016K, used 48022K [0x0000000080000000, 0x0000000100000000)
  region size 1024K, 1 young (1024K), 1 survivors (1024K)
 Metaspace       used 56578K, committed 57088K, reserved 1114112K
  class space    used 7635K, committed 7872K, reserved 1048576K
}
Event: 6.783 GC heap before
{Heap before GC invocations=19 (full 0):
 garbage-first heap   total 86016K, used 63382K [0x0000000080000000, 0x0000000100000000)
  region size 1024K, 16 young (16384K), 1 survivors (1024K)
 Metaspace       used 57695K, committed 58240K, reserved 1114112K
  class space    used 7799K, committed 8064K, reserved 1048576K
}
Event: 6.793 GC heap after
{Heap after GC invocations=20 (full 0):
 garbage-first heap   total 86016K, used 49919K [0x0000000080000000, 0x0000000100000000)
  region size 1024K, 2 young (2048K), 2 survivors (2048K)
 Metaspace       used 57695K, committed 58240K, reserved 1114112K
  class space    used 7799K, committed 8064K, reserved 1048576K
}
Event: 6.806 GC heap before
{Heap before GC invocations=20 (full 0):
 garbage-first heap   total 86016K, used 50943K [0x0000000080000000, 0x0000000100000000)
  region size 1024K, 4 young (4096K), 2 survivors (2048K)
 Metaspace       used 57799K, committed 58368K, reserved 1114112K
  class space    used 7804K, committed 8064K, reserved 1048576K
}
Event: 6.808 GC heap after
{Heap after GC invocations=21 (full 0):
 garbage-first heap   total 86016K, used 50004K [0x0000000080000000, 0x0000000100000000)
  region size 1024K, 2 young (2048K), 2 survivors (2048K)
 Metaspace       used 57799K, committed 58368K, reserved 1114112K
  class space    used 7804K, committed 8064K, reserved 1048576K
}
Event: 6.981 GC heap before
{Heap before GC invocations=22 (full 0):
 garbage-first heap   total 94208K, used 66388K [0x0000000080000000, 0x0000000100000000)
  region size 1024K, 17 young (17408K), 2 survivors (2048K)
 Metaspace       used 58979K, committed 59584K, reserved 1114112K
  class space    used 7965K, committed 8256K, reserved 1048576K
}
Event: 6.987 GC heap after
{Heap after GC invocations=23 (full 0):
 garbage-first heap   total 94208K, used 51606K [0x0000000080000000, 0x0000000100000000)
  region size 1024K, 2 young (2048K), 2 survivors (2048K)
 Metaspace       used 58979K, committed 59584K, reserved 1114112K
  class space    used 7965K, committed 8256K, reserved 1048576K
}
Event: 7.011 GC heap before
{Heap before GC invocations=23 (full 0):
 garbage-first heap   total 94208K, used 52630K [0x0000000080000000, 0x0000000100000000)
  region size 1024K, 4 young (4096K), 2 survivors (2048K)
 Metaspace       used 59123K, committed 59712K, reserved 1114112K
  class space    used 7994K, committed 8256K, reserved 1048576K
}
Event: 7.012 GC heap after
{Heap after GC invocations=24 (full 0):
 garbage-first heap   total 94208K, used 51584K [0x0000000080000000, 0x0000000100000000)
  region size 1024K, 1 young (1024K), 1 survivors (1024K)
 Metaspace       used 59123K, committed 59712K, reserved 1114112K
  class space    used 7994K, committed 8256K, reserved 1048576K
}
Event: 7.223 GC heap before
{Heap before GC invocations=24 (full 0):
 garbage-first heap   total 94208K, used 72064K [0x0000000080000000, 0x0000000100000000)
  region size 1024K, 22 young (22528K), 1 survivors (1024K)
 Metaspace       used 61036K, committed 61568K, reserved 1114112K
  class space    used 8252K, committed 8512K, reserved 1048576K
}

Dll operation events (3 events):
Event: 0.005 Loaded shared library C:\Users\tomas1\jbr\bin\java.dll
Event: 0.105 Loaded shared library C:\Users\tomas1\jbr\bin\zip.dll
Event: 0.342 Loaded shared library C:\Users\tomas1\jbr\bin\verify.dll

Deoptimization events (20 events):
Event: 7.176 Thread 0x000001f5ef50b5f0 Uncommon trap: trap_request=0xffffffde fr.pc=0x000001f5d98d185c relative=0x000000000000037c
Event: 7.176 Thread 0x000001f5ef50b5f0 Uncommon trap: reason=class_check action=maybe_recompile pc=0x000001f5d98d185c method=java.util.stream.AbstractPipeline.copyIntoWithCancel(Ljava/util/stream/Sink;Ljava/util/Spliterator;)Z @ 32 c2
Event: 7.176 Thread 0x000001f5ef50b5f0 DEOPT PACKING pc=0x000001f5d98d185c sp=0x000000a6946f6570
Event: 7.176 Thread 0x000001f5ef50b5f0 DEOPT UNPACKING pc=0x000001f5d91169a3 sp=0x000000a6946f6430 mode 2
Event: 7.176 Thread 0x000001f5ef50b5f0 Uncommon trap: trap_request=0xffffffde fr.pc=0x000001f5d98d185c relative=0x000000000000037c
Event: 7.176 Thread 0x000001f5ef50b5f0 Uncommon trap: reason=class_check action=maybe_recompile pc=0x000001f5d98d185c method=java.util.stream.AbstractPipeline.copyIntoWithCancel(Ljava/util/stream/Sink;Ljava/util/Spliterator;)Z @ 32 c2
Event: 7.176 Thread 0x000001f5ef50b5f0 DEOPT PACKING pc=0x000001f5d98d185c sp=0x000000a6946f6570
Event: 7.176 Thread 0x000001f5ef50b5f0 DEOPT UNPACKING pc=0x000001f5d91169a3 sp=0x000000a6946f6430 mode 2
Event: 7.176 Thread 0x000001f5ef50b5f0 Uncommon trap: trap_request=0xffffffde fr.pc=0x000001f5d98d185c relative=0x000000000000037c
Event: 7.176 Thread 0x000001f5ef50b5f0 Uncommon trap: reason=class_check action=maybe_recompile pc=0x000001f5d98d185c method=java.util.stream.AbstractPipeline.copyIntoWithCancel(Ljava/util/stream/Sink;Ljava/util/Spliterator;)Z @ 32 c2
Event: 7.176 Thread 0x000001f5ef50b5f0 DEOPT PACKING pc=0x000001f5d98d185c sp=0x000000a6946f6570
Event: 7.176 Thread 0x000001f5ef50b5f0 DEOPT UNPACKING pc=0x000001f5d91169a3 sp=0x000000a6946f6430 mode 2
Event: 7.182 Thread 0x000001f5ef50b5f0 Uncommon trap: trap_request=0xffffffcc fr.pc=0x000001f5d9715d64 relative=0x0000000000000344
Event: 7.182 Thread 0x000001f5ef50b5f0 Uncommon trap: reason=intrinsic_or_type_checked_inlining action=make_not_entrant pc=0x000001f5d9715d64 method=java.util.Arrays.copyOf([Ljava/lang/Object;ILjava/lang/Class;)[Ljava/lang/Object; @ 35 c2
Event: 7.182 Thread 0x000001f5ef50b5f0 DEOPT PACKING pc=0x000001f5d9715d64 sp=0x000000a6946f71e0
Event: 7.182 Thread 0x000001f5ef50b5f0 DEOPT UNPACKING pc=0x000001f5d91169a3 sp=0x000000a6946f7170 mode 2
Event: 7.188 Thread 0x000001f5ef50b5f0 Uncommon trap: trap_request=0xffffff45 fr.pc=0x000001f5d9682b00 relative=0x0000000000000480
Event: 7.188 Thread 0x000001f5ef50b5f0 Uncommon trap: reason=unstable_if action=reinterpret pc=0x000001f5d9682b00 method=org.gradle.internal.service.DefaultServiceRegistry$OwnServices.getService(Ljava/lang/reflect/Type;)Lorg/gradle/internal/service/Service; @ 27 c2
Event: 7.188 Thread 0x000001f5ef50b5f0 DEOPT PACKING pc=0x000001f5d9682b00 sp=0x000000a6946f76c0
Event: 7.188 Thread 0x000001f5ef50b5f0 DEOPT UNPACKING pc=0x000001f5d91169a3 sp=0x000000a6946f7638 mode 2

Classes unloaded (0 events):
No events

Classes redefined (0 events):
No events

Internal exceptions (20 events):
Event: 5.896 Thread 0x000001f5ef50b5f0 Exception <a 'java/lang/NoSuchMethodError'{0x0000000083676148}: 'java.lang.Object java.lang.invoke.DirectMethodHandle$Holder.invokeStatic(java.lang.Object, java.lang.Object, java.lang.Object, java.lang.Object, java.lang.Object, java.lang.Object, java.lang.Object, java.lang.Object, java.lang.Object, java.lang.Object, java.lang.Object, java.lang.Object, java.lang.Object, java.lang.Object, java.lang.Object, java.lang.Object, java.lang.Object, java.lang.Object, java.lang.Object, java.lang.Object, java.lang.Obj
Event: 5.899 Thread 0x000001f5ef50b5f0 Exception <a 'java/lang/NoSuchMethodError'{0x00000000836a3e30}: 'java.lang.Object java.lang.invoke.DirectMethodHandle$Holder.invokeStatic(java.lang.Object, java.lang.Object, java.lang.Object, java.lang.Object, java.lang.Object, java.lang.Object, java.lang.Object, java.lang.Object, java.lang.Object, java.lang.Object, java.lang.Object, java.lang.Object, java.lang.Object, java.lang.Object, java.lang.Object, java.lang.Object, java.lang.Object, java.lang.Object, java.lang.Object, java.lang.Object, java.lang.Obj
Event: 5.901 Thread 0x000001f5ef50b5f0 Exception <a 'java/lang/NoSuchMethodError'{0x00000000836d2260}: 'java.lang.Object java.lang.invoke.DirectMethodHandle$Holder.invokeStatic(java.lang.Object, java.lang.Object, java.lang.Object, java.lang.Object, java.lang.Object, java.lang.Object, java.lang.Object, java.lang.Object, java.lang.Object, java.lang.Object, java.lang.Object, java.lang.Object, java.lang.Object, java.lang.Object, java.lang.Object, java.lang.Object, java.lang.Object, java.lang.Object, java.lang.Object, java.lang.Object, java.lang.Obj
Event: 5.902 Thread 0x000001f5ef50b5f0 Exception <a 'java/lang/NoSuchMethodError'{0x0000000083502820}: 'java.lang.Object java.lang.invoke.DirectMethodHandle$Holder.invokeStatic(java.lang.Object, java.lang.Object, java.lang.Object, java.lang.Object, java.lang.Object, java.lang.Object, java.lang.Object, java.lang.Object, java.lang.Object, java.lang.Object, java.lang.Object, java.lang.Object, java.lang.Object, java.lang.Object, java.lang.Object, java.lang.Object, java.lang.Object, java.lang.Object, java.lang.Object, java.lang.Object, java.lang.Obj
Event: 5.904 Thread 0x000001f5ef50b5f0 Exception <a 'java/lang/NoSuchMethodError'{0x00000000835345a8}: 'java.lang.Object java.lang.invoke.DirectMethodHandle$Holder.invokeStatic(java.lang.Object, java.lang.Object, java.lang.Object, java.lang.Object, java.lang.Object, java.lang.Object, java.lang.Object, java.lang.Object, java.lang.Object, java.lang.Object, java.lang.Object, java.lang.Object, java.lang.Object, java.lang.Object, java.lang.Object, java.lang.Object, java.lang.Object, java.lang.Object, java.lang.Object, java.lang.Object, java.lang.Obj
Event: 6.302 Thread 0x000001f5ef50b5f0 Exception <a 'java/lang/NoSuchMethodError'{0x0000000083f71f28}: 'long java.lang.invoke.DirectMethodHandle$Holder.invokeVirtual(java.lang.Object, java.lang.Object)'> (0x0000000083f71f28) 
thrown [s\src\hotspot\share\interpreter\linkResolver.cpp, line 771]
Event: 6.307 Thread 0x000001f5ef50abd0 Exception <a 'java/lang/NoSuchMethodError'{0x0000000083e08628}: static Lorg/gradle/internal/build/event/types/DefaultOperationFinishedProgressEvent;.<clinit>()V> (0x0000000083e08628) 
thrown [s\src\hotspot\share\prims\jni.cpp, line 1127]
Event: 6.313 Thread 0x000001f5ef50abd0 Exception <a 'java/lang/NoSuchMethodError'{0x0000000083e306e8}: static Lorg/gradle/internal/build/event/types/DefaultProjectConfigurationSuccessResult;.<clinit>()V> (0x0000000083e306e8) 
thrown [s\src\hotspot\share\prims\jni.cpp, line 1127]
Event: 6.313 Thread 0x000001f5ef50abd0 Exception <a 'java/lang/NoSuchMethodError'{0x0000000083e34c50}: static Lorg/gradle/internal/build/event/types/AbstractProjectConfigurationResult;.<clinit>()V> (0x0000000083e34c50) 
thrown [s\src\hotspot\share\prims\jni.cpp, line 1127]
Event: 6.313 Thread 0x000001f5ef50abd0 Exception <a 'java/lang/NoSuchMethodError'{0x0000000083e36148}: static Lorg/gradle/internal/build/event/types/AbstractOperationResult;.<clinit>()V> (0x0000000083e36148) 
thrown [s\src\hotspot\share\prims\jni.cpp, line 1127]
Event: 6.315 Thread 0x000001f5ef50abd0 Exception <a 'java/lang/NoSuchMethodError'{0x0000000083e375a0}: static Lorg/gradle/internal/build/event/types/AbstractResult;.<clinit>()V> (0x0000000083e375a0) 
thrown [s\src\hotspot\share\prims\jni.cpp, line 1127]
Event: 6.318 Thread 0x000001f5ef50abd0 Exception <a 'java/lang/NoSuchMethodError'{0x0000000083e4e868}: static Lorg/gradle/internal/build/event/types/DefaultPluginApplicationResult;.<clinit>()V> (0x0000000083e4e868) 
thrown [s\src\hotspot\share\prims\jni.cpp, line 1127]
Event: 6.320 Thread 0x000001f5ef50abd0 Exception <a 'java/lang/NoSuchMethodError'{0x0000000083e5a9a0}: static Lorg/gradle/internal/build/event/types/DefaultBinaryPluginIdentifier;.<clinit>()V> (0x0000000083e5a9a0) 
thrown [s\src\hotspot\share\prims\jni.cpp, line 1127]
Event: 6.322 Thread 0x000001f5ef50abd0 Exception <a 'java/lang/NoSuchMethodError'{0x0000000083e79e28}: static Lorg/gradle/internal/build/event/types/DefaultScriptPluginIdentifier;.<clinit>()V> (0x0000000083e79e28) 
thrown [s\src\hotspot\share\prims\jni.cpp, line 1127]
Event: 6.330 Thread 0x000001f5ef50b5f0 Exception <a 'java/lang/ClassNotFoundException'{0x0000000083eaf540}: build_bwi3emz6f22r61oor71fsu5yvBeanInfo> (0x0000000083eaf540) 
thrown [s\src\hotspot\share\classfile\systemDictionary.cpp, line 256]
Event: 6.330 Thread 0x000001f5ef50b5f0 Exception <a 'java/lang/ClassNotFoundException'{0x0000000083eb5e58}: build_bwi3emz6f22r61oor71fsu5yvCustomizer> (0x0000000083eb5e58) 
thrown [s\src\hotspot\share\classfile\systemDictionary.cpp, line 256]
Event: 6.533 Thread 0x000001f5ef50b5f0 Exception <a 'java/lang/ClassNotFoundException'{0x000000008c714948}: sun/misc/SharedSecrets> (0x000000008c714948) 
thrown [s\src\hotspot\share\classfile\systemDictionary.cpp, line 256]
Event: 6.533 Thread 0x000001f5ef50b5f0 Exception <a 'java/lang/ClassNotFoundException'{0x000000008c715f20}: org/gradle/api/internal/plugins/DefaultObjectConfigurationActionBeanInfo> (0x000000008c715f20) 
thrown [s\src\hotspot\share\classfile\systemDictionary.cpp, line 256]
Event: 6.534 Thread 0x000001f5ef50b5f0 Exception <a 'java/lang/ClassNotFoundException'{0x000000008c72aff0}: org/gradle/api/internal/plugins/DefaultObjectConfigurationActionCustomizer> (0x000000008c72aff0) 
thrown [s\src\hotspot\share\classfile\systemDictionary.cpp, line 256]
Event: 7.119 Thread 0x000001f5ef50b5f0 Exception <a 'java/lang/NoSuchMethodError'{0x00000000850f7918}: 'int java.lang.invoke.DirectMethodHandle$Holder.invokeInterface(java.lang.Object, java.lang.Object, java.lang.Object, java.lang.Object)'> (0x00000000850f7918) 
thrown [s\src\hotspot\share\interpreter\linkResolver.cpp, line 771]

VM Operations (20 events):
Event: 6.577 Executing VM operation: G1PauseRemark done
Event: 6.591 Executing VM operation: G1PauseCleanup
Event: 6.601 Executing VM operation: G1PauseCleanup done
Event: 6.783 Executing VM operation: G1CollectForAllocation
Event: 6.793 Executing VM operation: G1CollectForAllocation done
Event: 6.806 Executing VM operation: G1TryInitiateConcMark
Event: 6.808 Executing VM operation: G1TryInitiateConcMark done
Event: 6.836 Executing VM operation: G1PauseRemark
Event: 6.842 Executing VM operation: G1PauseRemark done
Event: 6.859 Executing VM operation: G1PauseCleanup
Event: 6.860 Executing VM operation: G1PauseCleanup done
Event: 6.981 Executing VM operation: G1CollectForAllocation
Event: 6.987 Executing VM operation: G1CollectForAllocation done
Event: 7.011 Executing VM operation: G1CollectForAllocation
Event: 7.012 Executing VM operation: G1CollectForAllocation done
Event: 7.113 Executing VM operation: HandshakeAllThreads
Event: 7.113 Executing VM operation: HandshakeAllThreads done
Event: 7.118 Executing VM operation: HandshakeAllThreads
Event: 7.118 Executing VM operation: HandshakeAllThreads done
Event: 7.223 Executing VM operation: G1CollectForAllocation

Events (20 events):
Event: 6.533 loading class sun/misc/SharedSecrets done
Event: 6.899 loading class java/util/regex/Pattern$1
Event: 6.899 loading class java/util/regex/Pattern$1 done
Event: 7.058 loading class java/util/concurrent/atomic/AtomicIntegerArray
Event: 7.058 loading class java/util/concurrent/atomic/AtomicIntegerArray done
Event: 7.060 loading class java/util/Currency
Event: 7.060 loading class java/util/Currency done
Event: 7.071 loading class java/util/concurrent/atomic/AtomicLongArray
Event: 7.072 loading class java/util/concurrent/atomic/AtomicLongArray done
Event: 7.136 loading class java/util/concurrent/atomic/AtomicReferenceFieldUpdater
Event: 7.136 loading class java/util/concurrent/atomic/AtomicReferenceFieldUpdater done
Event: 7.136 loading class java/util/concurrent/atomic/AtomicReferenceFieldUpdater$AtomicReferenceFieldUpdaterImpl
Event: 7.136 loading class java/util/concurrent/atomic/AtomicReferenceFieldUpdater$AtomicReferenceFieldUpdaterImpl done
Event: 7.136 loading class java/util/concurrent/atomic/AtomicReferenceFieldUpdater$AtomicReferenceFieldUpdaterImpl$1
Event: 7.136 loading class java/util/concurrent/atomic/AtomicReferenceFieldUpdater$AtomicReferenceFieldUpdaterImpl$1 done
Event: 7.175 loading class sun/text/resources/cldr/FormatData_en
Event: 7.176 loading class sun/text/resources/cldr/FormatData_en done
Event: 7.176 loading class sun/text/resources/cldr/FormatData_en_US
Event: 7.176 loading class sun/text/resources/cldr/FormatData_en_US done
Event: 7.215 Thread 0x000001f5f3189d10 Thread added: 0x000001f5f3189d10


Dynamic libraries:
0x00007ff6bff50000 - 0x00007ff6bff5a000 	C:\Users\tomas1\jbr\bin\java.exe
0x00007fff59db0000 - 0x00007fff59fc7000 	C:\WINDOWS\SYSTEM32\ntdll.dll
0x00007fff58360000 - 0x00007fff58424000 	C:\WINDOWS\System32\KERNEL32.DLL
0x00007fff57710000 - 0x00007fff57ac9000 	C:\WINDOWS\System32\KERNELBASE.dll
0x00007fff575f0000 - 0x00007fff57701000 	C:\WINDOWS\System32\ucrtbase.dll
0x00007fff09c00000 - 0x00007fff09c17000 	C:\Users\tomas1\jbr\bin\jli.dll
0x00007fff0cc50000 - 0x00007fff0cc6b000 	C:\Users\tomas1\jbr\bin\VCRUNTIME140.dll
0x00007fff58650000 - 0x00007fff587fe000 	C:\WINDOWS\System32\USER32.dll
0x00007fff56290000 - 0x00007fff56522000 	C:\WINDOWS\WinSxS\amd64_microsoft.windows.common-controls_6595b64144ccf1df_6.0.22621.4391_none_2715d37f73803e96\COMCTL32.dll
0x00007fff57210000 - 0x00007fff57236000 	C:\WINDOWS\System32\win32u.dll
0x00007fff58440000 - 0x00007fff584e7000 	C:\WINDOWS\System32\msvcrt.dll
0x00007fff57bb0000 - 0x00007fff57bd9000 	C:\WINDOWS\System32\GDI32.dll
0x00007fff57430000 - 0x00007fff5754b000 	C:\WINDOWS\System32\gdi32full.dll
0x00007fff57550000 - 0x00007fff575ea000 	C:\WINDOWS\System32\msvcp_win.dll
0x00007fff596c0000 - 0x00007fff596f1000 	C:\WINDOWS\System32\IMM32.DLL
0x00007fff4fd10000 - 0x00007fff4fd1c000 	C:\Users\tomas1\jbr\bin\vcruntime140_1.dll
0x00007ffef1350000 - 0x00007ffef13dd000 	C:\Users\tomas1\jbr\bin\msvcp140.dll
0x00007ffea2d00000 - 0x00007ffea3983000 	C:\Users\tomas1\jbr\bin\server\jvm.dll
0x00007fff57d60000 - 0x00007fff57e12000 	C:\WINDOWS\System32\ADVAPI32.dll
0x00007fff582b0000 - 0x00007fff58357000 	C:\WINDOWS\System32\sechost.dll
0x00007fff570b0000 - 0x00007fff570d8000 	C:\WINDOWS\System32\bcrypt.dll
0x00007fff57be0000 - 0x00007fff57cf4000 	C:\WINDOWS\System32\RPCRT4.dll
0x00007fff569c0000 - 0x00007fff56a0d000 	C:\WINDOWS\SYSTEM32\POWRPROF.dll
0x00007fff38ae0000 - 0x00007fff38ae9000 	C:\WINDOWS\SYSTEM32\WSOCK32.dll
0x00007fff50ff0000 - 0x00007fff51024000 	C:\WINDOWS\SYSTEM32\WINMM.dll
0x00007fff57b20000 - 0x00007fff57b91000 	C:\WINDOWS\System32\WS2_32.dll
0x00007fff50970000 - 0x00007fff5097a000 	C:\WINDOWS\SYSTEM32\VERSION.dll
0x00007fff565a0000 - 0x00007fff565b3000 	C:\WINDOWS\SYSTEM32\UMPDC.dll
0x00007fff558f0000 - 0x00007fff55908000 	C:\WINDOWS\SYSTEM32\kernel.appcore.dll
0x00007fff44a20000 - 0x00007fff44a2a000 	C:\Users\tomas1\jbr\bin\jimage.dll
0x00007fff56a10000 - 0x00007fff56c42000 	C:\WINDOWS\SYSTEM32\DBGHELP.DLL
0x00007fff57e20000 - 0x00007fff581af000 	C:\WINDOWS\System32\combase.dll
0x00007fff59a30000 - 0x00007fff59b07000 	C:\WINDOWS\System32\OLEAUT32.dll
0x00007fff56890000 - 0x00007fff568c2000 	C:\WINDOWS\SYSTEM32\dbgcore.DLL
0x00007fff57240000 - 0x00007fff572bb000 	C:\WINDOWS\System32\bcryptPrimitives.dll
0x00007fff22850000 - 0x00007fff2285e000 	C:\Users\tomas1\jbr\bin\instrument.dll
0x00007fff22f10000 - 0x00007fff22f35000 	C:\Users\tomas1\jbr\bin\java.dll
0x00007fff123c0000 - 0x00007fff123d8000 	C:\Users\tomas1\jbr\bin\zip.dll
0x00007fff58e40000 - 0x00007fff596b6000 	C:\WINDOWS\System32\SHELL32.dll
0x00007fff54d70000 - 0x00007fff55673000 	C:\WINDOWS\SYSTEM32\windows.storage.dll
0x00007fff54bd0000 - 0x00007fff54d0f000 	C:\WINDOWS\SYSTEM32\wintypes.dll
0x00007fff59c70000 - 0x00007fff59d69000 	C:\WINDOWS\System32\SHCORE.dll
0x00007fff585f0000 - 0x00007fff5864e000 	C:\WINDOWS\System32\shlwapi.dll
0x00007fff56fe0000 - 0x00007fff5700b000 	C:\WINDOWS\SYSTEM32\profapi.dll
0x00007fff0f140000 - 0x00007fff0f159000 	C:\Users\tomas1\jbr\bin\net.dll
0x00007fff506f0000 - 0x00007fff50826000 	C:\WINDOWS\SYSTEM32\WINHTTP.dll
0x00007fff55ec0000 - 0x00007fff55f29000 	C:\WINDOWS\system32\mswsock.dll
0x00007fff0ab00000 - 0x00007fff0ab16000 	C:\Users\tomas1\jbr\bin\nio.dll
0x00007fff22b20000 - 0x00007fff22b30000 	C:\Users\tomas1\jbr\bin\verify.dll
0x00007fff14b00000 - 0x00007fff14b27000 	C:\Users\tomas\Downloads\OnlineDailyGroceries-master\OnlineDailyGroceries-master\native\c067742578af261105cb4f569cf0c3c89f3d7b1fecec35dd04571415982c5e48\windows-amd64\native-platform.dll
0x00007ffecf1c0000 - 0x00007ffecf304000 	C:\Users\tomas\Downloads\OnlineDailyGroceries-master\OnlineDailyGroceries-master\native\38dada09dfb8b06ba9b0570ebf7e218e3eb74d4ef43ca46872605cf95ebc2f47\windows-amd64\native-platform-file-events.dll
0x00007fff23930000 - 0x00007fff23939000 	C:\Users\tomas1\jbr\bin\management.dll
0x00007fff22ed0000 - 0x00007fff22edb000 	C:\Users\tomas1\jbr\bin\management_ext.dll
0x00007fff585e0000 - 0x00007fff585e8000 	C:\WINDOWS\System32\PSAPI.DLL
0x00007fff56d50000 - 0x00007fff56d6b000 	C:\WINDOWS\SYSTEM32\CRYPTSP.dll
0x00007fff55850000 - 0x00007fff55885000 	C:\WINDOWS\system32\rsaenh.dll
0x00007fff55fb0000 - 0x00007fff55fd8000 	C:\WINDOWS\SYSTEM32\USERENV.dll
0x00007fff56110000 - 0x00007fff5611c000 	C:\WINDOWS\SYSTEM32\CRYPTBASE.dll
0x00007fff548f0000 - 0x00007fff5491d000 	C:\WINDOWS\SYSTEM32\IPHLPAPI.DLL
0x00007fff58430000 - 0x00007fff58439000 	C:\WINDOWS\System32\NSI.dll
0x00007fff50630000 - 0x00007fff50649000 	C:\WINDOWS\SYSTEM32\dhcpcsvc6.DLL
0x00007fff50610000 - 0x00007fff5062f000 	C:\WINDOWS\SYSTEM32\dhcpcsvc.DLL
0x00007fff54920000 - 0x00007fff54a22000 	C:\WINDOWS\SYSTEM32\DNSAPI.dll
0x00007fff27910000 - 0x00007fff27919000 	C:\Users\tomas1\jbr\bin\extnet.dll
0x00007fff24270000 - 0x00007fff24278000 	C:\WINDOWS\system32\wshunix.dll

dbghelp: loaded successfully - version: 4.0.5 - missing functions: none
symbol engine: initialized successfully - sym options: 0x614 - pdb path: .;C:\Users\tomas1\jbr\bin;C:\WINDOWS\SYSTEM32;C:\WINDOWS\WinSxS\amd64_microsoft.windows.common-controls_6595b64144ccf1df_6.0.22621.4391_none_2715d37f73803e96;C:\Users\tomas1\jbr\bin\server;C:\Users\tomas\Downloads\OnlineDailyGroceries-master\OnlineDailyGroceries-master\native\c067742578af261105cb4f569cf0c3c89f3d7b1fecec35dd04571415982c5e48\windows-amd64;C:\Users\tomas\Downloads\OnlineDailyGroceries-master\OnlineDailyGroceries-master\native\38dada09dfb8b06ba9b0570ebf7e218e3eb74d4ef43ca46872605cf95ebc2f47\windows-amd64

VM Arguments:
jvm_args: --add-opens=java.base/java.util=ALL-UNNAMED --add-opens=java.base/java.lang=ALL-UNNAMED --add-opens=java.base/java.lang.invoke=ALL-UNNAMED --add-opens=java.prefs/java.util.prefs=ALL-UNNAMED --add-opens=java.base/java.nio.charset=ALL-UNNAMED --add-opens=java.base/java.net=ALL-UNNAMED --add-opens=java.base/java.util.concurrent.atomic=ALL-UNNAMED -Xmx2048m -Dfile.encoding=UTF-8 -Duser.country=CL -Duser.language=es -Duser.variant -javaagent:C:\Users\tomas\Downloads\OnlineDailyGroceries-master\OnlineDailyGroceries-master\wrapper\dists\gradle-8.4-bin\1w5dpkrfk8irigvoxmyhowfim\gradle-8.4\lib\agents\gradle-instrumentation-agent-8.4.jar 
java_command: org.gradle.launcher.daemon.bootstrap.GradleDaemon 8.4
java_class_path (initial): C:\Users\tomas\Downloads\OnlineDailyGroceries-master\OnlineDailyGroceries-master\wrapper\dists\gradle-8.4-bin\1w5dpkrfk8irigvoxmyhowfim\gradle-8.4\lib\gradle-launcher-8.4.jar
Launcher Type: SUN_STANDARD

[Global flags]
     intx CICompilerCount                          = 4                                         {product} {ergonomic}
     uint ConcGCThreads                            = 2                                         {product} {ergonomic}
     uint G1ConcRefinementThreads                  = 8                                         {product} {ergonomic}
   size_t G1HeapRegionSize                         = 1048576                                   {product} {ergonomic}
    uintx GCDrainStackTargetSize                   = 64                                        {product} {ergonomic}
   size_t InitialHeapSize                          = 266338304                                 {product} {ergonomic}
   size_t MarkStackSize                            = 4194304                                   {product} {ergonomic}
   size_t MaxHeapSize                              = 2147483648                                {product} {command line}
   size_t MaxNewSize                               = 1287651328                                {product} {ergonomic}
   size_t MinHeapDeltaBytes                        = 1048576                                   {product} {ergonomic}
   size_t MinHeapSize                              = 8388608                                   {product} {ergonomic}
    uintx NonNMethodCodeHeapSize                   = 5839372                                {pd product} {ergonomic}
    uintx NonProfiledCodeHeapSize                  = 122909434                              {pd product} {ergonomic}
    uintx ProfiledCodeHeapSize                     = 122909434                              {pd product} {ergonomic}
    uintx ReservedCodeCacheSize                    = 251658240                              {pd product} {ergonomic}
     bool SegmentedCodeCache                       = true                                      {product} {ergonomic}
   size_t SoftMaxHeapSize                          = 2147483648                             {manageable} {ergonomic}
     bool UseCompressedClassPointers               = true                           {product lp64_product} {ergonomic}
     bool UseCompressedOops                        = true                           {product lp64_product} {ergonomic}
     bool UseG1GC                                  = true                                      {product} {ergonomic}
     bool UseLargePagesIndividualAllocation        = false                                  {pd product} {ergonomic}

Logging:
Log output configuration:
 #0: stdout all=warning uptime,level,tags
 #1: stderr all=off uptime,level,tags

Environment Variables:
PATH=C:\Program Files\Microsoft\jdk-11.0.16.101-hotspot\bin;C:\WINDOWS\system32;C:\WINDOWS;C:\WINDOWS\System32\Wbem;C:\WINDOWS\System32\WindowsPowerShell\v1.0\;C:\WINDOWS\System32\OpenSSH\;C:\Program Files\Microsoft SQL Server\150\Tools\Binn\;C:\Program Files\PuTTY\;C:\Program Files (x86)\NVIDIA Corporation\PhysX\Common;C:\Program Files\Git\cmd;C:\Program Files\NVIDIA Corporation\NVIDIA app\NvDLISR;C:\Users\tomas\AppData\Local\Microsoft\WindowsApps;C:\Users\tomas\AppData\Local\Programs\Microsoft VS Code\bin;
USERNAME=tomas
OS=Windows_NT
PROCESSOR_IDENTIFIER=Intel64 Family 6 Model 158 Stepping 13, GenuineIntel
TMP=C:\Users\tomas\AppData\Local\Temp
TEMP=C:\Users\tomas\AppData\Local\Temp



Periodic native trim disabled

JNI global refs:
JNI global refs: 26, weak refs: 3

JNI global refs memory usage: 843, weak refs: 841

Process memory usage:
Resident Set Size: 281360K (1% of 16614580K total physical memory with 341564K free physical memory)

OOME stack traces (most recent first):
Classloader memory used:
Loader org.gradle.internal.classloader.VisitableURLClassLoader                         : 3591K
Loader bootstrap                                                                       : 2453K
Loader org.gradle.initialization.MixInLegacyTypesClassLoader                           : 1034K
Loader org.gradle.internal.classloader.VisitableURLClassLoader$InstrumentingVisitableURLClassLoader: 411K
Loader jdk.internal.loader.ClassLoaders$PlatformClassLoader                            : 68781B
Loader jdk.internal.loader.ClassLoaders$AppClassLoader                                 : 28451B
Loader jdk.internal.reflect.DelegatingClassLoader                                      : 28294B
Loader org.gradle.groovy.scripts.internal.DefaultScriptCompilationHandler$ScriptClassLoader: 10950B
Loader org.gradle.internal.classloader.VisitableURLClassLoader                         : 3894B
Loader org.codehaus.groovy.runtime.callsite.CallSiteClassLoader                        : 1164B

Classes loaded by more than one classloader:
Class org.gradle.internal.installation.GradleInstallation                             : loaded 2 times (x 73B)
Class com.google.common.collect.Iterators$MergingIterator                             : loaded 2 times (x 79B)
Class [Lcom.google.common.collect.AbstractMapEntry;                                   : loaded 2 times (x 67B)
Class com.google.common.collect.SingletonImmutableList                                : loaded 2 times (x 167B)
Class org.gradle.internal.classpath.ClassPath                                         : loaded 2 times (x 68B)
Class org.gradle.api.internal.classpath.DefaultModuleRegistry                         : loaded 2 times (x 84B)
Class com.google.common.collect.ListMultimap                                          : loaded 2 times (x 68B)
Class com.google.common.base.CharMatcher$JavaDigit                                    : loaded 2 times (x 109B)
Class com.google.common.base.CharMatcher$Digit                                        : loaded 2 times (x 110B)
Class com.google.common.collect.AbstractMultimap                                      : loaded 2 times (x 121B)
Class org.gradle.api.Action                                                           : loaded 2 times (x 68B)
Class com.google.common.collect.ImmutableEntry                                        : loaded 2 times (x 80B)
Class com.google.common.collect.Lists$StringAsImmutableList                           : loaded 2 times (x 167B)
Class com.google.common.base.CharMatcher                                              : loaded 2 times (x 109B)
Class com.google.common.base.CharMatcher$IsNot                                        : loaded 2 times (x 109B)
Class com.google.common.base.Splitter                                                 : loaded 2 times (x 70B)
Class com.google.common.collect.Iterators$ArrayItr                                    : loaded 2 times (x 95B)
Class org.gradle.api.internal.DefaultClassPathProvider                                : loaded 2 times (x 74B)
Class org.gradle.internal.installation.GradleInstallation$1                           : loaded 2 times (x 73B)
Class com.google.common.base.CharMatcher$BitSetMatcher                                : loaded 2 times (x 110B)
Class com.google.common.collect.ImmutableMap$IteratorBasedImmutableMap                : loaded 2 times (x 123B)
Class com.google.common.collect.ImmutableMap                                          : loaded 2 times (x 118B)
Class com.google.common.base.Converter                                                : loaded 2 times (x 88B)
Class com.google.common.collect.ImmutableSet$EmptySetBuilderImpl                      : loaded 2 times (x 74B)
Class com.google.common.base.Predicate                                                : loaded 2 times (x 68B)
Class org.gradle.internal.classloader.FilteringClassLoader                            : loaded 2 times (x 103B)
Class com.google.common.collect.RegularImmutableSet                                   : loaded 2 times (x 146B)
Class settings_3tarcwmrsp2r6zxtpgx0x4gps$_run_closure1                                : loaded 2 times (x 137B)
Class org.gradle.internal.classpath.DefaultClassPath$ImmutableUniqueList$Builder      : loaded 2 times (x 73B)
Class com.google.common.collect.Maps$8                                                : loaded 2 times (x 80B)
Class com.google.common.base.PatternCompiler                                          : loaded 2 times (x 68B)
Class com.google.common.base.CharMatcher$InRange                                      : loaded 2 times (x 109B)
Class com.google.common.collect.BiMap                                                 : loaded 2 times (x 68B)
Class com.google.common.collect.Lists                                                 : loaded 2 times (x 69B)
Class com.google.common.math.IntMath$1                                                : loaded 2 times (x 69B)
Class org.gradle.internal.classloader.ClassLoaderVisitor                              : loaded 2 times (x 74B)
Class com.google.common.math.MathPreconditions                                        : loaded 2 times (x 69B)
Class org.gradle.internal.service.DefaultServiceLocator                               : loaded 2 times (x 81B)
Class org.gradle.internal.service.UnknownServiceException                             : loaded 2 times (x 81B)
Class com.google.common.collect.ArrayListMultimap                                     : loaded 2 times (x 170B)
Class com.google.common.base.Strings                                                  : loaded 2 times (x 69B)
Class org.gradle.internal.classloader.DefaultClassLoaderFactory                       : loaded 2 times (x 80B)
Class com.google.common.collect.UnmodifiableIterator                                  : loaded 2 times (x 78B)
Class com.google.common.base.Platform$JdkPatternCompiler                              : loaded 2 times (x 73B)
Class com.google.common.base.CharMatcher$SingleWidth                                  : loaded 2 times (x 110B)
Class com.google.common.collect.Hashing                                               : loaded 2 times (x 69B)
Class com.google.common.base.JdkPattern                                               : loaded 2 times (x 73B)
Class com.google.common.collect.Multimap                                              : loaded 2 times (x 68B)
Class org.gradle.internal.classloader.VisitableURLClassLoader$Spec                    : loaded 2 times (x 72B)
Class org.gradle.api.GradleException                                                  : loaded 2 times (x 80B)
Class com.google.common.base.CharMatcher$JavaLetterOrDigit                            : loaded 2 times (x 109B)
Class org.gradle.api.internal.classpath.ModuleRegistry                                : loaded 2 times (x 68B)
Class com.google.common.collect.ImmutableCollection                                   : loaded 2 times (x 123B)
Class org.gradle.api.internal.ClassPathProvider                                       : loaded 2 times (x 68B)
Class com.google.common.collect.RegularImmutableMap$Values                            : loaded 2 times (x 167B)
Class org.gradle.internal.classloader.ClasspathUtil$1                                 : loaded 2 times (x 74B)
Class com.google.common.collect.ImmutableEnumMap                                      : loaded 2 times (x 123B)
Class com.google.common.collect.ImmutableList$ReverseImmutableList                    : loaded 2 times (x 168B)
Class org.gradle.internal.classloader.ClassLoaderFactory                              : loaded 2 times (x 68B)
Class com.google.common.collect.ObjectArrays                                          : loaded 2 times (x 69B)
Class com.google.common.collect.Iterators$10                                          : loaded 2 times (x 79B)
Class com.google.common.collect.ImmutableList                                         : loaded 2 times (x 166B)
Class org.gradle.api.internal.classpath.ManifestUtil                                  : loaded 2 times (x 69B)
Class org.gradle.api.specs.Spec                                                       : loaded 2 times (x 68B)
Class com.google.common.base.CharMatcher$Whitespace                                   : loaded 2 times (x 110B)
Class com.google.common.collect.Iterators$1                                           : loaded 2 times (x 79B)
Class com.google.common.collect.Iterators$4                                           : loaded 2 times (x 80B)
Class com.google.common.collect.RegularImmutableMap$BucketOverflowException           : loaded 2 times (x 80B)
Class com.google.common.collect.Iterators$5                                           : loaded 2 times (x 80B)
Class com.google.common.base.Preconditions                                            : loaded 2 times (x 69B)
Class com.google.common.base.Function                                                 : loaded 2 times (x 68B)
Class com.google.common.collect.Iterators$9                                           : loaded 2 times (x 79B)
Class org.gradle.internal.IoActions                                                   : loaded 2 times (x 69B)
Class com.google.common.collect.RegularImmutableMap$KeySet                            : loaded 2 times (x 148B)
Class com.google.common.collect.CollectPreconditions                                  : loaded 2 times (x 69B)
Class com.google.common.collect.Maps                                                  : loaded 2 times (x 69B)
Class com.google.common.collect.RegularImmutableMap                                   : loaded 2 times (x 119B)
Class com.google.common.collect.AbstractIndexedListIterator                           : loaded 2 times (x 94B)
Class com.google.common.base.CharMatcher$None                                         : loaded 2 times (x 110B)
Class org.gradle.api.internal.classpath.EffectiveClassPath                            : loaded 2 times (x 88B)
Class com.google.common.collect.UnmodifiableListIterator                              : loaded 2 times (x 93B)
Class com.google.common.collect.ImmutableList$1                                       : loaded 2 times (x 95B)
Class com.google.common.base.Splitter$Strategy                                        : loaded 2 times (x 68B)
Class com.google.common.collect.ImmutableMapEntrySet$RegularEntrySet                  : loaded 2 times (x 149B)
Class [Lcom.google.common.collect.ImmutableMapEntry;                                  : loaded 2 times (x 67B)
Class org.gradle.internal.installation.CurrentGradleInstallation                      : loaded 2 times (x 71B)
Class org.gradle.internal.agents.InstrumentingClassLoader                             : loaded 2 times (x 68B)
Class org.gradle.internal.installation.CurrentGradleInstallationLocator               : loaded 2 times (x 69B)
Class org.gradle.api.internal.classpath.Module                                        : loaded 2 times (x 68B)
Class com.google.common.base.Splitter$1$1                                             : loaded 2 times (x 84B)
Class com.google.common.collect.ImmutableSet$JdkBackedSetBuilderImpl                  : loaded 2 times (x 74B)
Class com.google.common.collect.ImmutableSet$RegularSetBuilderImpl                    : loaded 2 times (x 75B)
Class org.gradle.internal.service.CachingServiceLocator                               : loaded 2 times (x 80B)
Class [Lcom.google.common.collect.ImmutableEntry;                                     : loaded 2 times (x 67B)
Class org.gradle.internal.classpath.DefaultClassPath                                  : loaded 2 times (x 88B)
Class com.google.common.base.Splitter$SplittingIterator                               : loaded 2 times (x 82B)
Class com.google.common.base.CharMatcher$Is                                           : loaded 2 times (x 109B)
Class com.google.common.base.Platform                                                 : loaded 2 times (x 69B)
Class com.google.common.collect.RegularImmutableAsList                                : loaded 2 times (x 176B)
Class com.google.common.collect.PeekingIterator                                       : loaded 2 times (x 68B)
Class com.google.common.collect.ImmutableMapEntrySet                                  : loaded 2 times (x 149B)
Class com.google.common.collect.ImmutableBiMapFauxverideShim                          : loaded 2 times (x 118B)
Class org.gradle.internal.classloader.SystemClassLoaderSpec                           : loaded 2 times (x 69B)
Class com.google.common.collect.SingletonImmutableSet                                 : loaded 2 times (x 144B)
Class [Lcom.google.common.base.AbstractIterator$State;                                : loaded 2 times (x 67B)
Class com.google.common.collect.ImmutableMap$Builder                                  : loaded 2 times (x 80B)
Class com.google.common.base.AbstractIterator                                         : loaded 2 times (x 78B)
Class com.google.common.base.AbstractIterator$1                                       : loaded 2 times (x 69B)
Class com.google.common.collect.Iterators                                             : loaded 2 times (x 69B)
Class com.google.common.base.CharMatcher$1                                            : loaded 2 times (x 111B)
Class com.google.common.base.CharMatcher$Ascii                                        : loaded 2 times (x 110B)
Class org.gradle.api.UncheckedIOException                                             : loaded 2 times (x 80B)
Class com.google.common.base.CharMatcher$And                                          : loaded 2 times (x 110B)
Class com.google.common.collect.IndexedImmutableSet                                   : loaded 2 times (x 148B)
Class com.google.common.collect.AbstractListMultimap                                  : loaded 2 times (x 170B)
Class com.google.common.base.CharMatcher$Any                                          : loaded 2 times (x 110B)
Class com.google.common.collect.ArrayListMultimapGwtSerializationDependencies         : loaded 2 times (x 170B)
Class com.google.common.base.CharMatcher$RangesMatcher                                : loaded 2 times (x 110B)
Class com.google.common.collect.ImmutableList$SubList                                 : loaded 2 times (x 168B)
Class org.gradle.internal.classloader.ClasspathUtil                                   : loaded 2 times (x 69B)
Class com.google.common.base.Splitter$1                                               : loaded 2 times (x 75B)
Class com.google.common.collect.Maps$BiMapConverter                                   : loaded 2 times (x 88B)
Class org.gradle.api.internal.DefaultClassPathRegistry                                : loaded 2 times (x 74B)
Class com.google.common.collect.ImmutableSet$SetBuilderImpl                           : loaded 2 times (x 74B)
Class org.gradle.api.internal.classpath.DefaultModuleRegistry$DefaultModule           : loaded 2 times (x 84B)
Class com.google.common.base.CharMatcher$JavaIsoControl                               : loaded 2 times (x 110B)
Class com.google.common.collect.ImmutableMap$1                                        : loaded 2 times (x 79B)
Class com.google.common.base.CharMatcher$Or                                           : loaded 2 times (x 110B)
Class com.google.common.collect.Iterables                                             : loaded 2 times (x 69B)
Class com.google.common.base.CharMatcher$JavaLowerCase                                : loaded 2 times (x 109B)
Class org.gradle.api.internal.classpath.UnknownModuleException                        : loaded 2 times (x 80B)
Class com.google.common.collect.Maps$EntryTransformer                                 : loaded 2 times (x 68B)
Class com.google.common.collect.ImmutableCollection$Builder                           : loaded 2 times (x 74B)
Class com.google.common.base.CommonPattern                                            : loaded 2 times (x 72B)
Class org.gradle.internal.service.ServiceLookupException                              : loaded 2 times (x 80B)
Class org.gradle.cache.GlobalCache                                                    : loaded 2 times (x 68B)
Class settings_3tarcwmrsp2r6zxtpgx0x4gps                                              : loaded 2 times (x 177B)
Class com.google.common.base.CharMatcher$NegatedFastMatcher                           : loaded 2 times (x 111B)
Class [Lorg.gradle.api.internal.ClassPathProvider;                                    : loaded 2 times (x 67B)
Class org.gradle.util.internal.GUtil                                                  : loaded 2 times (x 69B)
Class com.google.common.math.IntMath                                                  : loaded 2 times (x 69B)
Class com.google.common.collect.AbstractIterator                                      : loaded 2 times (x 80B)
Class org.gradle.internal.classloader.ClassLoaderSpec                                 : loaded 2 times (x 69B)
Class com.google.common.base.NullnessCasts                                            : loaded 2 times (x 69B)
Class com.google.common.collect.AbstractMapEntry                                      : loaded 2 times (x 79B)
Class com.google.common.base.CharMatcher$Negated                                      : loaded 2 times (x 111B)
Class com.google.common.collect.ImmutableSet$Builder                                  : loaded 2 times (x 83B)
Class com.google.common.base.CharMatcher$ForPredicate                                 : loaded 2 times (x 110B)
Class com.google.common.collect.ImmutableMap$MapViewOfValuesAsSingletonSets           : loaded 2 times (x 123B)
Class com.google.common.collect.SortedMapDifference                                   : loaded 2 times (x 68B)
Class org.gradle.internal.classloader.VisitableURLClassLoader                         : loaded 2 times (x 115B)
Class com.google.common.collect.ImmutableBiMap                                        : loaded 2 times (x 141B)
Class org.gradle.internal.Cast                                                        : loaded 2 times (x 69B)
Class org.gradle.api.internal.ClassPathRegistry                                       : loaded 2 times (x 68B)
Class com.google.common.collect.ImmutableSet                                          : loaded 2 times (x 143B)
Class org.gradle.internal.classloader.VisitableURLClassLoader$InstrumentingVisitableURLClassLoader: loaded 2 times (x 121B)
Class org.gradle.internal.classloader.ClassLoaderHierarchy                            : loaded 2 times (x 68B)
Class com.google.common.base.AbstractIterator$State                                   : loaded 2 times (x 77B)
Class com.google.common.base.CharMatcher$NamedFastMatcher                             : loaded 2 times (x 110B)
Class org.gradle.internal.InternalTransformer                                         : loaded 2 times (x 68B)
Class org.gradle.internal.service.ServiceLocator                                      : loaded 2 times (x 68B)
Class settings_3tarcwmrsp2r6zxtpgx0x4gps$_run_closure1$_closure2                      : loaded 2 times (x 137B)
Class com.google.common.collect.ImmutableMapEntry                                     : loaded 2 times (x 83B)
Class com.google.common.base.CharMatcher$Invisible                                    : loaded 2 times (x 110B)
Class com.google.common.base.CharMatcher$FastMatcher                                  : loaded 2 times (x 109B)
Class org.gradle.internal.classpath.DefaultClassPath$ImmutableUniqueList              : loaded 2 times (x 159B)
Class com.google.common.base.CharMatcher$JavaLetter                                   : loaded 2 times (x 109B)
Class org.gradle.internal.classpath.TransformedClassPath                              : loaded 2 times (x 94B)
Class com.google.common.collect.MapDifference                                         : loaded 2 times (x 68B)
Class com.google.common.collect.Platform                                              : loaded 2 times (x 69B)
Class com.google.common.collect.ImmutableAsList                                       : loaded 2 times (x 169B)
Class com.google.common.base.CharMatcher$AnyOf                                        : loaded 2 times (x 110B)
Class com.google.common.base.CharMatcher$IsEither                                     : loaded 2 times (x 109B)
Class com.google.common.collect.RegularImmutableList                                  : loaded 2 times (x 172B)
Class com.google.common.base.CharMatcher$JavaUpperCase                                : loaded 2 times (x 109B)
Class com.google.common.collect.Multiset                                              : loaded 2 times (x 68B)
Class com.google.common.collect.ImmutableSet$CachingAsList                            : loaded 2 times (x 145B)
Class com.google.common.collect.ImmutableMapEntry$NonTerminalImmutableMapEntry        : loaded 2 times (x 83B)
Class com.google.common.collect.AbstractMapBasedMultimap                              : loaded 2 times (x 137B)


---------------  S Y S T E M  ---------------

OS:
 Windows 11 , 64 bit Build 22621 (10.0.22621.4391)
OS uptime: 4 days 0:55 hours

CPU: total 8 (initial active 8) (4 cores per cpu, 2 threads per core) family 6 model 158 stepping 13 microcode 0xde, cx8, cmov, fxsr, ht, mmx, 3dnowpref, sse, sse2, sse3, ssse3, sse4.1, sse4.2, popcnt, lzcnt, tsc, tscinvbit, avx, avx2, aes, erms, clmul, bmi1, bmi2, adx, fma, vzeroupper, clflush, clflushopt
Processor Information for all 8 processors :
  Max Mhz: 2400, Current Mhz: 2400, Mhz Limit: 2400

Memory: 4k page, system-wide physical 16225M (335M free)
TotalPageFile size 21225M (AvailPageFile size 2M)
current process WorkingSet (physical memory assigned to process): 274M, peak: 274M
current process commit charge ("private bytes"): 309M, peak: 400M

vm_info: OpenJDK 64-Bit Server VM (17.0.11+0--11852314) for windows-amd64 JRE (17.0.11+0--11852314), built on May 16 2024 21:29:20 by "androidbuild" with MS VC++ 16.10 / 16.11 (VS2019)

END.
